Flow report for BKM-68X-SIMPLE
Tue Jun 14 18:47:32 2022
Quartus Prime Version 18.1.0 Build 625 09/12/2018 SJ Lite Edition


---------------------
; Table of Contents ;
---------------------
  1. Legal Notice
  2. Flow Summary
  3. Flow Settings
  4. Flow Non-Default Global Settings
  5. Flow Elapsed Time
  6. Flow OS Summary
  7. Flow Log
  8. Flow Messages
  9. Flow Suppressed Messages



----------------
; Legal Notice ;
----------------
Copyright (C) 2018  Intel Corporation. All rights reserved.
Your use of Intel Corporation's design tools, logic functions 
and other software and tools, and its AMPP partner logic 
functions, and any output files from any of the foregoing 
(including device programming or simulation files), and any 
associated documentation or information are expressly subject 
to the terms and conditions of the Intel Program License 
Subscription Agreement, the Intel Quartus Prime License Agreement,
the Intel FPGA IP License Agreement, or other applicable license
agreement, including, without limitation, that your use is for
the sole purpose of programming logic devices manufactured by
Intel and sold by Intel or its authorized distributors.  Please
refer to the applicable agreement for further details.



+----------------------------------------------------------------------------------+
; Flow Summary                                                                     ;
+------------------------------------+---------------------------------------------+
; Flow Status                        ; Successful - Tue Jun 14 18:47:32 2022       ;
; Quartus Prime Version              ; 18.1.0 Build 625 09/12/2018 SJ Lite Edition ;
; Revision Name                      ; BKM-68X-SIMPLE                              ;
; Top-level Entity Name              ; top                                         ;
; Family                             ; MAX 10                                      ;
; Device                             ; 10M08SCE144C8G                              ;
; Timing Models                      ; Final                                       ;
; Total logic elements               ; 1,358 / 8,064 ( 17 % )                      ;
;     Total combinational functions  ; 1,305 / 8,064 ( 16 % )                      ;
;     Dedicated logic registers      ; 803 / 8,064 ( 10 % )                        ;
; Total registers                    ; 810                                         ;
; Total pins                         ; 39 / 101 ( 39 % )                           ;
; Total virtual pins                 ; 0                                           ;
; Total memory bits                  ; 0 / 387,072 ( 0 % )                         ;
; Embedded Multiplier 9-bit elements ; 0 / 48 ( 0 % )                              ;
; Total PLLs                         ; 0 / 1 ( 0 % )                               ;
; UFM blocks                         ; 0 / 1 ( 0 % )                               ;
; ADC blocks                         ; 0                                           ;
+------------------------------------+---------------------------------------------+


+-----------------------------------------+
; Flow Settings                           ;
+-------------------+---------------------+
; Option            ; Setting             ;
+-------------------+---------------------+
; Start date & time ; 06/14/2022 18:46:56 ;
; Main task         ; Compilation         ;
; Revision Name     ; BKM-68X-SIMPLE      ;
+-------------------+---------------------+


+------------------------------------------------------------------------------------------------------------------------------+
; Flow Non-Default Global Settings                                                                                             ;
+-------------------------------------+----------------------------------------+----------------+-------------+----------------+
; Assignment Name                     ; Value                                  ; Default Value  ; Entity Name ; Section Id     ;
+-------------------------------------+----------------------------------------+----------------+-------------+----------------+
; COMPILER_SIGNATURE_ID               ; 175965613328.165522521617114           ; --             ; --          ; --             ;
; EDA_OUTPUT_DATA_FORMAT              ; Verilog Hdl                            ; --             ; --          ; eda_simulation ;
; EDA_SIMULATION_TOOL                 ; ModelSim-Altera (Verilog)              ; <None>         ; --          ; --             ;
; EDA_TIME_SCALE                      ; 1 ps                                   ; --             ; --          ; eda_simulation ;
; FLOW_ENABLE_POWER_ANALYZER          ; On                                     ; Off            ; --          ; --             ;
; MAX_CORE_JUNCTION_TEMP              ; 85                                     ; --             ; --          ; --             ;
; MIN_CORE_JUNCTION_TEMP              ; 0                                      ; --             ; --          ; --             ;
; PARTITION_COLOR                     ; -- (Not supported for targeted family) ; --             ; top         ; Top            ;
; PARTITION_FITTER_PRESERVATION_LEVEL ; -- (Not supported for targeted family) ; --             ; top         ; Top            ;
; PARTITION_NETLIST_TYPE              ; -- (Not supported for targeted family) ; --             ; top         ; Top            ;
; POWER_BOARD_THERMAL_MODEL           ; None (CONSERVATIVE)                    ; --             ; --          ; --             ;
; POWER_DEFAULT_INPUT_IO_TOGGLE_RATE  ; 12.5 %                                 ; 12.5%          ; --          ; --             ;
; POWER_PRESET_COOLING_SOLUTION       ; 23 MM HEAT SINK WITH 200 LFPM AIRFLOW  ; --             ; --          ; --             ;
; PROJECT_OUTPUT_DIRECTORY            ; output_files                           ; --             ; --          ; --             ;
; TOP_LEVEL_ENTITY                    ; top                                    ; BKM-68X-SIMPLE ; --          ; --             ;
+-------------------------------------+----------------------------------------+----------------+-------------+----------------+


+--------------------------------------------------------------------------------------------------------------------------+
; Flow Elapsed Time                                                                                                        ;
+----------------------+--------------+-------------------------+---------------------+------------------------------------+
; Module Name          ; Elapsed Time ; Average Processors Used ; Peak Virtual Memory ; Total CPU Time (on all processors) ;
+----------------------+--------------+-------------------------+---------------------+------------------------------------+
; Analysis & Synthesis ; 00:00:14     ; 1.0                     ; 897 MB              ; 00:00:30                           ;
; Fitter               ; 00:00:11     ; 1.2                     ; 1293 MB             ; 00:00:15                           ;
; Assembler            ; 00:00:01     ; 1.0                     ; 792 MB              ; 00:00:01                           ;
; Power Analyzer       ; 00:00:02     ; 1.3                     ; 1176 MB             ; 00:00:03                           ;
; Timing Analyzer      ; 00:00:03     ; 1.3                     ; 808 MB              ; 00:00:04                           ;
; EDA Netlist Writer   ; 00:00:01     ; 1.0                     ; 1042 MB             ; 00:00:01                           ;
; Total                ; 00:00:32     ; --                      ; --                  ; 00:00:54                           ;
+----------------------+--------------+-------------------------+---------------------+------------------------------------+


+----------------------------------------------------------------------------------------+
; Flow OS Summary                                                                        ;
+----------------------+------------------+----------------+------------+----------------+
; Module Name          ; Machine Hostname ; OS Name        ; OS Version ; Processor type ;
+----------------------+------------------+----------------+------------+----------------+
; Analysis & Synthesis ; martin-x270      ; Ubuntu 20.04.4 ; 20         ; x86_64         ;
; Fitter               ; martin-x270      ; Ubuntu 20.04.4 ; 20         ; x86_64         ;
; Assembler            ; martin-x270      ; Ubuntu 20.04.4 ; 20         ; x86_64         ;
; Power Analyzer       ; martin-x270      ; Ubuntu 20.04.4 ; 20         ; x86_64         ;
; Timing Analyzer      ; martin-x270      ; Ubuntu 20.04.4 ; 20         ; x86_64         ;
; EDA Netlist Writer   ; martin-x270      ; Ubuntu 20.04.4 ; 20         ; x86_64         ;
+----------------------+------------------+----------------+------------+----------------+


------------
; Flow Log ;
------------
quartus_map --read_settings_files=on --write_settings_files=off BKM-68X-SIMPLE -c BKM-68X-SIMPLE
quartus_fit --read_settings_files=off --write_settings_files=off BKM-68X-SIMPLE -c BKM-68X-SIMPLE
quartus_asm --read_settings_files=off --write_settings_files=off BKM-68X-SIMPLE -c BKM-68X-SIMPLE
quartus_pow --read_settings_files=off --write_settings_files=off BKM-68X-SIMPLE -c BKM-68X-SIMPLE
quartus_sta BKM-68X-SIMPLE -c BKM-68X-SIMPLE
quartus_eda --read_settings_files=off --write_settings_files=off BKM-68X-SIMPLE -c BKM-68X-SIMPLE



